Using pre-set license
Built from '2021.1/staging' branch; Version is '2021.1.2f1 (e5d502d80fbb) revision 15062274'; Using compiler version '192528614'; Build Type 'Release'
OS: 'Windows 10 Home; OS build 18363.1440; Version 1909; 64bit' Language: 'en' Physical Memory: 16343 MB
BatchMode: 1, IsHumanControllingUs: 0, StartBugReporterOnCrash: 0, Is64bit: 1, IsPro: 0

 COMMAND LINE ARGUMENTS:
C:\Program Files\Unity\Hub\Editor\2021.1.2f1\Editor\Unity.exe
-adb2
-batchMode
-noUpm
-name
AssetImportWorker0
-projectPath
C:/Users/Christian/VR-Concert
-logFile
Logs/AssetImportWorker0.log
-srvPort
53999
Successfully changed project path to: C:/Users/Christian/VR-Concert
C:/Users/Christian/VR-Concert
Using Asset Import Pipeline V2.
Refreshing native plugins compatible for Editor in 63.72 ms, found 1 plugins.
Preloading 0 native plugins for Editor in 0.00 ms.
Initialize engine version: 2021.1.2f1 (e5d502d80fbb)
[Subsystems] Discovering subsystems at path C:/Program Files/Unity/Hub/Editor/2021.1.2f1/Editor/Data/Resources/UnitySubsystems
[Subsystems] Discovering subsystems at path C:/Users/Christian/VR-Concert/Assets
GfxDevice: creating device client; threaded=0; jobified=0
Direct3D:
    Version:  Direct3D 11.0 [level 11.1]
    Renderer: NVIDIA GeForce GTX 1070 (ID=0x1b81)
    Vendor:   NVIDIA
    VRAM:     8088 MB
    Driver:   27.21.14.6089
Initialize mono
Mono path[0] = 'C:/Program Files/Unity/Hub/Editor/2021.1.2f1/Editor/Data/Managed'
Mono path[1] = 'C:/Program Files/Unity/Hub/Editor/2021.1.2f1/Editor/Data/MonoBleedingEdge/lib/mono/unityjit'
Mono config path = 'C:/Program Files/Unity/Hub/Editor/2021.1.2f1/Editor/Data/MonoBleedingEdge/etc'
Using monoOptions --debugger-agent=transport=dt_socket,embedding=1,server=y,suspend=n,address=127.0.0.1:56468
Begin MonoManager ReloadAssembly
Registering precompiled unity dll's ...
Register platform support module: C:/Program Files/Unity/Hub/Editor/2021.1.2f1/Editor/Data/PlaybackEngines/WebGLSupport/UnityEditor.WebGL.Extensions.dll
Register platform support module: C:/Program Files/Unity/Hub/Editor/2021.1.2f1/Editor/Data/PlaybackEngines/WindowsStandaloneSupport/UnityEditor.WindowsStandalone.Extensions.dll
Registered in 0.002063 seconds.
Native extension for WindowsStandalone target not found
Native extension for WebGL target not found
Refreshing native plugins compatible for Editor in 64.58 ms, found 1 plugins.
Preloading 0 native plugins for Editor in 0.00 ms.
Mono: successfully reloaded assembly
- Completed reload, in  1.222 seconds
Platform modules already initialized, skipping
Registering precompiled user dll's ...
Registered in 0.002986 seconds.
Begin MonoManager ReloadAssembly
Native extension for WindowsStandalone target not found
Native extension for WebGL target not found
Refreshing native plugins compatible for Editor in 0.45 ms, found 1 plugins.
Preloading 0 native plugins for Editor in 0.00 ms.
Mono: successfully reloaded assembly
- Completed reload, in  0.845 seconds
Platform modules already initialized, skipping
========================================================================
Worker process is ready to serve import requests
Launched and connected shader compiler UnityShaderCompiler.exe after 0.05 seconds
Refreshing native plugins compatible for Editor in 0.48 ms, found 1 plugins.
Preloading 0 native plugins for Editor in 0.00 ms.
Unloading 2665 Unused Serialized files (Serialized files now loaded: 0)
System memory in use before: 98.2 MB.
System memory in use after: 98.4 MB.

Unloading 15 unused Assets to reduce memory usage. Loaded Objects now: 3117.
Total: 2.125400 ms (FindLiveObjects: 0.217700 ms CreateObjectMapping: 0.136200 ms MarkObjects: 1.702900 ms  DeleteObjects: 0.067900 ms)

========================================================================
Received Import Request.
  path: Assets/Scenes
  artifactKey: Guid(f2cd2aa4185a8fc48b99afe44ffd3cde) Importer(815301076,1909f56bfc062723c751e8b465ee728b)
Start importing Assets/Scenes using Guid(f2cd2aa4185a8fc48b99afe44ffd3cde) Importer(815301076,1909f56bfc062723c751e8b465ee728b)  -> (artifact id: 'bb413f3e13f7ee037b39e709d648ba37') in 0.007862 seconds 
========================================================================
Received Import Request.
  Time since last request: 5.170395 seconds.
  path: Assets/Scenes/SampleScene.unity
  artifactKey: Guid(9fc0d4010bbf28b4594072e72b8655ab) Importer(815301076,1909f56bfc062723c751e8b465ee728b)
Start importing Assets/Scenes/SampleScene.unity using Guid(9fc0d4010bbf28b4594072e72b8655ab) Importer(815301076,1909f56bfc062723c751e8b465ee728b)  -> (artifact id: '5b410c9716df8bcf2a25fb75ea91ad19') in 0.011249 seconds 
========================================================================
Received Import Request.
  Time since last request: 5.582125 seconds.
  path: Assets/Scenes/SampleScene 1.unity
  artifactKey: Guid(3c3376e4ba96301428e09cee3567b98e) Importer(815301076,1909f56bfc062723c751e8b465ee728b)
Start importing Assets/Scenes/SampleScene 1.unity using Guid(3c3376e4ba96301428e09cee3567b98e) Importer(815301076,1909f56bfc062723c751e8b465ee728b)  -> (artifact id: '1991afd066124222470849bb7b1a7b5e') in 0.006072 seconds 
========================================================================
Received Import Request.
  Time since last request: 15.557189 seconds.
  path: Assets/Scenes/StartSc.unity
  artifactKey: Guid(3c3376e4ba96301428e09cee3567b98e) Importer(815301076,1909f56bfc062723c751e8b465ee728b)
Start importing Assets/Scenes/StartSc.unity using Guid(3c3376e4ba96301428e09cee3567b98e) Importer(815301076,1909f56bfc062723c751e8b465ee728b)  -> (artifact id: '360adca24a00eb456b44e74cfb7aba78') in 0.005419 seconds 
========================================================================
Received Import Request.
  Time since last request: 28.805536 seconds.
  path: Assets/Scenes/StartMenu.unity
  artifactKey: Guid(3c3376e4ba96301428e09cee3567b98e) Importer(815301076,1909f56bfc062723c751e8b465ee728b)
Start importing Assets/Scenes/StartMenu.unity using Guid(3c3376e4ba96301428e09cee3567b98e) Importer(815301076,1909f56bfc062723c751e8b465ee728b)  -> (artifact id: 'e4b724c98558040907678c92255af9f1') in 0.005920 seconds 
========================================================================
Received Import Request.
  Time since last request: 25.411991 seconds.
  path: Assets/Scenes/Concert.unity
  artifactKey: Guid(9fc0d4010bbf28b4594072e72b8655ab) Importer(815301076,1909f56bfc062723c751e8b465ee728b)
Start importing Assets/Scenes/Concert.unity using Guid(9fc0d4010bbf28b4594072e72b8655ab) Importer(815301076,1909f56bfc062723c751e8b465ee728b)  -> (artifact id: 'bb6da9ab55dc632539c8b82cba2738b3') in 0.007179 seconds 
