Using pre-set license
Built from '2021.1/staging' branch; Version is '2021.1.2f1 (e5d502d80fbb) revision 15062274'; Using compiler version '192528614'; Build Type 'Release'
OS: 'Windows 10 Home; OS build 18363.1440; Version 1909; 64bit' Language: 'en' Physical Memory: 16343 MB
BatchMode: 1, IsHumanControllingUs: 0, StartBugReporterOnCrash: 0, Is64bit: 1, IsPro: 0

 COMMAND LINE ARGUMENTS:
C:\Program Files\Unity\Hub\Editor\2021.1.2f1\Editor\Unity.exe
-adb2
-batchMode
-noUpm
-name
AssetImportWorker0
-projectPath
C:/Users/Christian/VR-Concert
-logFile
Logs/AssetImportWorker0.log
-srvPort
50487
Successfully changed project path to: C:/Users/Christian/VR-Concert
C:/Users/Christian/VR-Concert
Using Asset Import Pipeline V2.
Refreshing native plugins compatible for Editor in 95.01 ms, found 2 plugins.
Preloading 0 native plugins for Editor in 0.00 ms.
Initialize engine version: 2021.1.2f1 (e5d502d80fbb)
[Subsystems] Discovering subsystems at path C:/Program Files/Unity/Hub/Editor/2021.1.2f1/Editor/Data/Resources/UnitySubsystems
[Subsystems] Discovering subsystems at path C:/Users/Christian/VR-Concert/Assets
GfxDevice: creating device client; threaded=0; jobified=0
Direct3D:
    Version:  Direct3D 11.0 [level 11.1]
    Renderer: NVIDIA GeForce GTX 1070 (ID=0x1b81)
    Vendor:   NVIDIA
    VRAM:     8088 MB
    Driver:   27.21.14.6089
Initialize mono
Mono path[0] = 'C:/Program Files/Unity/Hub/Editor/2021.1.2f1/Editor/Data/Managed'
Mono path[1] = 'C:/Program Files/Unity/Hub/Editor/2021.1.2f1/Editor/Data/MonoBleedingEdge/lib/mono/unityjit'
Mono config path = 'C:/Program Files/Unity/Hub/Editor/2021.1.2f1/Editor/Data/MonoBleedingEdge/etc'
Using monoOptions --debugger-agent=transport=dt_socket,embedding=1,server=y,suspend=n,address=127.0.0.1:56984
Begin MonoManager ReloadAssembly
Registering precompiled unity dll's ...
Register platform support module: C:/Program Files/Unity/Hub/Editor/2021.1.2f1/Editor/Data/PlaybackEngines/WebGLSupport/UnityEditor.WebGL.Extensions.dll
Register platform support module: C:/Program Files/Unity/Hub/Editor/2021.1.2f1/Editor/Data/PlaybackEngines/WindowsStandaloneSupport/UnityEditor.WindowsStandalone.Extensions.dll
Registered in 0.002041 seconds.
Native extension for WindowsStandalone target not found
Native extension for WebGL target not found
Refreshing native plugins compatible for Editor in 94.86 ms, found 2 plugins.
Preloading 0 native plugins for Editor in 0.00 ms.
Mono: successfully reloaded assembly
- Completed reload, in  1.246 seconds
Platform modules already initialized, skipping
Registering precompiled user dll's ...
Registered in 0.003422 seconds.
Begin MonoManager ReloadAssembly
Native extension for WindowsStandalone target not found
Native extension for WebGL target not found
Refreshing native plugins compatible for Editor in 93.19 ms, found 2 plugins.
Preloading 0 native plugins for Editor in 0.00 ms.
Mono: successfully reloaded assembly
- Completed reload, in  1.083 seconds
Platform modules already initialized, skipping
========================================================================
Worker process is ready to serve import requests
Launched and connected shader compiler UnityShaderCompiler.exe after 0.05 seconds
Refreshing native plugins compatible for Editor in 0.77 ms, found 2 plugins.
Preloading 0 native plugins for Editor in 0.00 ms.
Unloading 4218 Unused Serialized files (Serialized files now loaded: 0)
System memory in use before: 165.0 MB.
System memory in use after: 165.2 MB.

Unloading 16 unused Assets to reduce memory usage. Loaded Objects now: 4699.
Total: 2.649600 ms (FindLiveObjects: 0.301100 ms CreateObjectMapping: 0.149000 ms MarkObjects: 2.048700 ms  DeleteObjects: 0.150200 ms)

========================================================================
Received Import Request.
  path: Packages/com.unity.xr.interaction.toolkit/package.json
  artifactKey: Guid(fac9fb4ad804244e0911f21e340a3d5b) Importer(815301076,1909f56bfc062723c751e8b465ee728b)
Start importing Packages/com.unity.xr.interaction.toolkit/package.json using Guid(fac9fb4ad804244e0911f21e340a3d5b) Importer(815301076,1909f56bfc062723c751e8b465ee728b)  -> (artifact id: 'fb110f42beba712ca969e2c200098c7f') in 0.055482 seconds 
========================================================================
Received Import Request.
  Time since last request: 7.845754 seconds.
  path: Assets/XR/XRGeneralSettings.asset
  artifactKey: Guid(e62bb80731c5c6747ac0100d921632c0) Importer(815301076,1909f56bfc062723c751e8b465ee728b)
Start importing Assets/XR/XRGeneralSettings.asset using Guid(e62bb80731c5c6747ac0100d921632c0) Importer(815301076,1909f56bfc062723c751e8b465ee728b)  -> (artifact id: 'a493ddabe59cb4f32b7ffc5dd59a7333') in 0.016496 seconds 
========================================================================
Received Prepare
Registering precompiled user dll's ...
Registered in 0.003559 seconds.
Begin MonoManager ReloadAssembly
Native extension for WindowsStandalone target not found
Native extension for WebGL target not found
Refreshing native plugins compatible for Editor in 0.80 ms, found 2 plugins.
Preloading 0 native plugins for Editor in 0.00 ms.
Mono: successfully reloaded assembly
- Completed reload, in  0.950 seconds
Platform modules already initialized, skipping
Refreshing native plugins compatible for Editor in 0.78 ms, found 2 plugins.
Preloading 0 native plugins for Editor in 0.00 ms.
Unloading 4195 Unused Serialized files (Serialized files now loaded: 0)
System memory in use before: 163.2 MB.
System memory in use after: 163.4 MB.

Unloading 11 unused Assets to reduce memory usage. Loaded Objects now: 4705.
Total: 2.320300 ms (FindLiveObjects: 0.274600 ms CreateObjectMapping: 0.192500 ms MarkObjects: 1.750000 ms  DeleteObjects: 0.102300 ms)

========================================================================
Received Import Request.
  Time since last request: 29.564532 seconds.
  path: Packages/com.unity.xr.management/package.json
  artifactKey: Guid(a8437ae6df3ab4de78c661f8e1148bbb) Importer(815301076,1909f56bfc062723c751e8b465ee728b)
Start importing Packages/com.unity.xr.management/package.json using Guid(a8437ae6df3ab4de78c661f8e1148bbb) Importer(815301076,1909f56bfc062723c751e8b465ee728b)  -> (artifact id: '7965eafc69c7f428c5dd2374e7111a90') in 0.016165 seconds 
========================================================================
Received Import Request.
  Time since last request: 12.994062 seconds.
  path: Assets/Samples/VR Simulator XR Plugin
  artifactKey: Guid(27be322d4832b5c42a2b4e7da32e4336) Importer(815301076,1909f56bfc062723c751e8b465ee728b)
Start importing Assets/Samples/VR Simulator XR Plugin using Guid(27be322d4832b5c42a2b4e7da32e4336) Importer(815301076,1909f56bfc062723c751e8b465ee728b)  -> (artifact id: '003a96e8b0dfdbac40c7c23558ce1020') in 0.009027 seconds 
========================================================================
Received Import Request.
  Time since last request: 0.534129 seconds.
  path: Assets/Samples/VR Simulator XR Plugin/2.0.4
  artifactKey: Guid(020b5b902c5f44345add74db2ee587a2) Importer(815301076,1909f56bfc062723c751e8b465ee728b)
Start importing Assets/Samples/VR Simulator XR Plugin/2.0.4 using Guid(020b5b902c5f44345add74db2ee587a2) Importer(815301076,1909f56bfc062723c751e8b465ee728b)  -> (artifact id: '3b539fa241e216b19e99582c15c75355') in 0.008705 seconds 
========================================================================
Received Import Request.
  Time since last request: 1.575472 seconds.
  path: Assets/Samples/VR Simulator XR Plugin/2.0.4/Input Demo
  artifactKey: Guid(1c7d583ef171b4f4aa9063bd38dff202) Importer(815301076,1909f56bfc062723c751e8b465ee728b)
Start importing Assets/Samples/VR Simulator XR Plugin/2.0.4/Input Demo using Guid(1c7d583ef171b4f4aa9063bd38dff202) Importer(815301076,1909f56bfc062723c751e8b465ee728b)  -> (artifact id: 'd7c850bf1f31f658a92d18cf9b782331') in 0.008528 seconds 
========================================================================
Received Import Request.
  Time since last request: 0.928100 seconds.
  path: Assets/Samples/VR Simulator XR Plugin/2.0.4/Input Demo/inputDemo.unity
  artifactKey: Guid(129a15d66b668344999f1f6dc73d5931) Importer(815301076,1909f56bfc062723c751e8b465ee728b)
Start importing Assets/Samples/VR Simulator XR Plugin/2.0.4/Input Demo/inputDemo.unity using Guid(129a15d66b668344999f1f6dc73d5931) Importer(815301076,1909f56bfc062723c751e8b465ee728b)  -> (artifact id: 'adf6bc25b5f56027729bb504369d195b') in 0.009030 seconds 
========================================================================
Received Prepare
Registering precompiled user dll's ...
Registered in 0.003799 seconds.
Begin MonoManager ReloadAssembly
Native extension for WindowsStandalone target not found
Native extension for WebGL target not found
Refreshing native plugins compatible for Editor in 0.93 ms, found 2 plugins.
Preloading 0 native plugins for Editor in 0.00 ms.
Mono: successfully reloaded assembly
- Completed reload, in  1.316 seconds
Platform modules already initialized, skipping
Refreshing native plugins compatible for Editor in 0.83 ms, found 2 plugins.
Preloading 0 native plugins for Editor in 0.00 ms.
Unloading 4195 Unused Serialized files (Serialized files now loaded: 0)
System memory in use before: 163.3 MB.
System memory in use after: 163.5 MB.

Unloading 11 unused Assets to reduce memory usage. Loaded Objects now: 4709.
Total: 3.198100 ms (FindLiveObjects: 0.334800 ms CreateObjectMapping: 0.256800 ms MarkObjects: 2.489500 ms  DeleteObjects: 0.115900 ms)

========================================================================
Received Prepare
Registering precompiled user dll's ...
Registered in 0.003740 seconds.
Begin MonoManager ReloadAssembly
Native extension for WindowsStandalone target not found
Native extension for WebGL target not found
Refreshing native plugins compatible for Editor in 0.78 ms, found 2 plugins.
Preloading 0 native plugins for Editor in 0.00 ms.
Mono: successfully reloaded assembly
- Completed reload, in  0.921 seconds
Platform modules already initialized, skipping
Refreshing native plugins compatible for Editor in 0.78 ms, found 2 plugins.
Preloading 0 native plugins for Editor in 0.00 ms.
Unloading 4195 Unused Serialized files (Serialized files now loaded: 0)
System memory in use before: 163.3 MB.
System memory in use after: 163.5 MB.

Unloading 11 unused Assets to reduce memory usage. Loaded Objects now: 4713.
Total: 2.416400 ms (FindLiveObjects: 0.309300 ms CreateObjectMapping: 0.182300 ms MarkObjects: 1.816300 ms  DeleteObjects: 0.107500 ms)

========================================================================
Received Import Request.
  Time since last request: 436.887327 seconds.
  path: Assets/Scenes/VR Concert.unity
  artifactKey: Guid(800033827925c7e47a93c75a9a0c3681) Importer(815301076,1909f56bfc062723c751e8b465ee728b)
Start importing Assets/Scenes/VR Concert.unity using Guid(800033827925c7e47a93c75a9a0c3681) Importer(815301076,1909f56bfc062723c751e8b465ee728b)  -> (artifact id: 'ce200f389567f0c85dff436821c55953') in 0.019247 seconds 
========================================================================
Received Import Request.
  Time since last request: 2.301284 seconds.
  path: Assets/Scenes/VRTest.unity
  artifactKey: Guid(01ee9636e08530b498b16447b42fe493) Importer(815301076,1909f56bfc062723c751e8b465ee728b)
Start importing Assets/Scenes/VRTest.unity using Guid(01ee9636e08530b498b16447b42fe493) Importer(815301076,1909f56bfc062723c751e8b465ee728b)  -> (artifact id: 'b72d002733a572de7a448e441e25e7f3') in 0.009893 seconds 
========================================================================
Received Prepare
Registering precompiled user dll's ...
Registered in 0.004124 seconds.
Begin MonoManager ReloadAssembly
Native extension for WindowsStandalone target not found
Native extension for WebGL target not found
Refreshing native plugins compatible for Editor in 0.83 ms, found 2 plugins.
Preloading 0 native plugins for Editor in 0.00 ms.
Mono: successfully reloaded assembly
- Completed reload, in  1.185 seconds
Platform modules already initialized, skipping
Refreshing native plugins compatible for Editor in 1.00 ms, found 2 plugins.
Preloading 0 native plugins for Editor in 0.00 ms.
Unloading 4195 Unused Serialized files (Serialized files now loaded: 0)
System memory in use before: 163.3 MB.
System memory in use after: 163.6 MB.

Unloading 11 unused Assets to reduce memory usage. Loaded Objects now: 4717.
Total: 3.071500 ms (FindLiveObjects: 0.325900 ms CreateObjectMapping: 0.236900 ms MarkObjects: 2.382500 ms  DeleteObjects: 0.124700 ms)

========================================================================
Received Prepare
Registering precompiled user dll's ...
Registered in 0.003768 seconds.
Begin MonoManager ReloadAssembly
Native extension for WindowsStandalone target not found
Native extension for WebGL target not found
Refreshing native plugins compatible for Editor in 0.82 ms, found 2 plugins.
Preloading 0 native plugins for Editor in 0.00 ms.
Mono: successfully reloaded assembly
- Completed reload, in  1.110 seconds
Platform modules already initialized, skipping
Refreshing native plugins compatible for Editor in 0.81 ms, found 2 plugins.
Preloading 0 native plugins for Editor in 0.00 ms.
Unloading 4195 Unused Serialized files (Serialized files now loaded: 0)
System memory in use before: 163.3 MB.
System memory in use after: 163.6 MB.

Unloading 11 unused Assets to reduce memory usage. Loaded Objects now: 4721.
Total: 2.795200 ms (FindLiveObjects: 0.301800 ms CreateObjectMapping: 0.195300 ms MarkObjects: 2.184700 ms  DeleteObjects: 0.112200 ms)

========================================================================
Received Prepare
Registering precompiled user dll's ...
Registered in 0.003440 seconds.
Begin MonoManager ReloadAssembly
Native extension for WindowsStandalone target not found
Native extension for WebGL target not found
Refreshing native plugins compatible for Editor in 0.78 ms, found 2 plugins.
Preloading 0 native plugins for Editor in 0.00 ms.
Mono: successfully reloaded assembly
- Completed reload, in  0.931 seconds
Platform modules already initialized, skipping
Refreshing native plugins compatible for Editor in 0.79 ms, found 2 plugins.
Preloading 0 native plugins for Editor in 0.00 ms.
Unloading 4195 Unused Serialized files (Serialized files now loaded: 0)
System memory in use before: 163.4 MB.
System memory in use after: 163.6 MB.

Unloading 11 unused Assets to reduce memory usage. Loaded Objects now: 4725.
Total: 2.462400 ms (FindLiveObjects: 0.305600 ms CreateObjectMapping: 0.203300 ms MarkObjects: 1.841900 ms  DeleteObjects: 0.110400 ms)

========================================================================
Received Prepare
Registering precompiled user dll's ...
Registered in 0.003416 seconds.
Begin MonoManager ReloadAssembly
Native extension for WindowsStandalone target not found
Native extension for WebGL target not found
Refreshing native plugins compatible for Editor in 0.81 ms, found 2 plugins.
Preloading 0 native plugins for Editor in 0.00 ms.
Mono: successfully reloaded assembly
- Completed reload, in  0.917 seconds
Platform modules already initialized, skipping
Refreshing native plugins compatible for Editor in 0.78 ms, found 2 plugins.
Preloading 0 native plugins for Editor in 0.00 ms.
Unloading 4195 Unused Serialized files (Serialized files now loaded: 0)
System memory in use before: 163.4 MB.
System memory in use after: 163.6 MB.

Unloading 11 unused Assets to reduce memory usage. Loaded Objects now: 4729.
Total: 2.695500 ms (FindLiveObjects: 0.349500 ms CreateObjectMapping: 0.207300 ms MarkObjects: 2.030200 ms  DeleteObjects: 0.107600 ms)

========================================================================
Received Import Request.
  Time since last request: 4272.045257 seconds.
  path: Assets/Samples/VR Simulator XR Plugin/2.0.4/Grab Demo
  artifactKey: Guid(e5871002461da48449e3d3bd5d088353) Importer(815301076,1909f56bfc062723c751e8b465ee728b)
Start importing Assets/Samples/VR Simulator XR Plugin/2.0.4/Grab Demo using Guid(e5871002461da48449e3d3bd5d088353) Importer(815301076,1909f56bfc062723c751e8b465ee728b)  -> (artifact id: '3b8b8d5bd5f75d72f5f586d2566dbb26') in 0.012693 seconds 
========================================================================
Received Import Request.
  Time since last request: 1.196741 seconds.
  path: Assets/Samples/VR Simulator XR Plugin/2.0.4/Grab Demo/demoScene.unity
  artifactKey: Guid(a854d87b726b32a42ae9d65ceeac300c) Importer(815301076,1909f56bfc062723c751e8b465ee728b)
Start importing Assets/Samples/VR Simulator XR Plugin/2.0.4/Grab Demo/demoScene.unity using Guid(a854d87b726b32a42ae9d65ceeac300c) Importer(815301076,1909f56bfc062723c751e8b465ee728b)  -> (artifact id: 'fb6dc221200332bf5b33e74237ed1cf3') in 0.014454 seconds 
========================================================================
Received Prepare
Registering precompiled user dll's ...
Registered in 0.004227 seconds.
Begin MonoManager ReloadAssembly
Native extension for WindowsStandalone target not found
Native extension for WebGL target not found
Refreshing native plugins compatible for Editor in 0.89 ms, found 2 plugins.
Preloading 0 native plugins for Editor in 0.00 ms.
Mono: successfully reloaded assembly
- Completed reload, in  1.120 seconds
Platform modules already initialized, skipping
Refreshing native plugins compatible for Editor in 0.95 ms, found 2 plugins.
Preloading 0 native plugins for Editor in 0.00 ms.
Unloading 4195 Unused Serialized files (Serialized files now loaded: 0)
System memory in use before: 163.4 MB.
System memory in use after: 163.6 MB.

Unloading 11 unused Assets to reduce memory usage. Loaded Objects now: 4733.
Total: 3.399600 ms (FindLiveObjects: 0.396800 ms CreateObjectMapping: 0.252400 ms MarkObjects: 2.627200 ms  DeleteObjects: 0.121900 ms)

========================================================================
Received Import Request.
  Time since last request: 208.835850 seconds.
  path: Assets/Scenes/VR Concert.unity
  artifactKey: Guid(800033827925c7e47a93c75a9a0c3681) Importer(815301076,1909f56bfc062723c751e8b465ee728b)
Start importing Assets/Scenes/VR Concert.unity using Guid(800033827925c7e47a93c75a9a0c3681) Importer(815301076,1909f56bfc062723c751e8b465ee728b)  -> (artifact id: '605c567f2c9e1701e2be9afae3e8221b') in 0.022373 seconds 
========================================================================
Received Prepare
Registering precompiled user dll's ...
Registered in 0.003440 seconds.
Begin MonoManager ReloadAssembly
Native extension for WindowsStandalone target not found
Native extension for WebGL target not found
Refreshing native plugins compatible for Editor in 0.79 ms, found 2 plugins.
Preloading 0 native plugins for Editor in 0.00 ms.
Mono: successfully reloaded assembly
- Completed reload, in  0.906 seconds
Platform modules already initialized, skipping
Refreshing native plugins compatible for Editor in 0.82 ms, found 2 plugins.
Preloading 0 native plugins for Editor in 0.00 ms.
Unloading 4195 Unused Serialized files (Serialized files now loaded: 0)
System memory in use before: 163.4 MB.
System memory in use after: 163.6 MB.

Unloading 11 unused Assets to reduce memory usage. Loaded Objects now: 4737.
Total: 2.600900 ms (FindLiveObjects: 0.304700 ms CreateObjectMapping: 0.194900 ms MarkObjects: 1.987500 ms  DeleteObjects: 0.112600 ms)

========================================================================
Received Prepare
Registering precompiled user dll's ...
Registered in 0.003389 seconds.
Begin MonoManager ReloadAssembly
Native extension for WindowsStandalone target not found
Native extension for WebGL target not found
Refreshing native plugins compatible for Editor in 0.79 ms, found 2 plugins.
Preloading 0 native plugins for Editor in 0.00 ms.
Mono: successfully reloaded assembly
- Completed reload, in  0.912 seconds
Platform modules already initialized, skipping
Refreshing native plugins compatible for Editor in 0.77 ms, found 2 plugins.
Preloading 0 native plugins for Editor in 0.00 ms.
Unloading 4195 Unused Serialized files (Serialized files now loaded: 0)
System memory in use before: 163.4 MB.
System memory in use after: 163.6 MB.

Unloading 11 unused Assets to reduce memory usage. Loaded Objects now: 4741.
Total: 2.687600 ms (FindLiveObjects: 0.305000 ms CreateObjectMapping: 0.206400 ms MarkObjects: 2.056500 ms  DeleteObjects: 0.119100 ms)

========================================================================
Received Import Request.
  Time since last request: 454.693996 seconds.
  path: Packages/com.thrashpanda.vr.simulator/Runtime/Assets/Material
  artifactKey: Guid(9860a842bdb2d0e4eba76a7441636d81) Importer(815301076,1909f56bfc062723c751e8b465ee728b)
Start importing Packages/com.thrashpanda.vr.simulator/Runtime/Assets/Material using Guid(9860a842bdb2d0e4eba76a7441636d81) Importer(815301076,1909f56bfc062723c751e8b465ee728b)  -> (artifact id: '06dd28634153b5f6270b6babad625676') in 0.011182 seconds 
========================================================================
Received Import Request.
  Time since last request: 0.047470 seconds.
  path: Packages/com.thrashpanda.vr.simulator/Runtime/Assets/Material/Ground.mat
  artifactKey: Guid(a5c5adb525d1fa448967914d05ef22ca) Importer(815301076,1909f56bfc062723c751e8b465ee728b)
Start importing Packages/com.thrashpanda.vr.simulator/Runtime/Assets/Material/Ground.mat using Guid(a5c5adb525d1fa448967914d05ef22ca) Importer(815301076,1909f56bfc062723c751e8b465ee728b)  -> (artifact id: 'f87a2eee0b70c93088b8c3119b667e8f') in 0.088250 seconds 
========================================================================
Received Import Request.
  Time since last request: 0.000233 seconds.
  path: Packages/com.thrashpanda.vr.simulator/Runtime/Assets/Material/Table.mat
  artifactKey: Guid(2bca61d29056cdb42921ba4381b4e557) Importer(815301076,1909f56bfc062723c751e8b465ee728b)
Start importing Packages/com.thrashpanda.vr.simulator/Runtime/Assets/Material/Table.mat using Guid(2bca61d29056cdb42921ba4381b4e557) Importer(815301076,1909f56bfc062723c751e8b465ee728b)  -> (artifact id: '0d8238e220888029cc5ab81779e0ed41') in 0.022675 seconds 
========================================================================
Received Import Request.
  Time since last request: 0.000232 seconds.
  path: Packages/com.thrashpanda.vr.simulator/Runtime/Assets/Material/LightBlue.mat
  artifactKey: Guid(04864a61ec97ee0478ac3e7c5a38b3ab) Importer(815301076,1909f56bfc062723c751e8b465ee728b)
Start importing Packages/com.thrashpanda.vr.simulator/Runtime/Assets/Material/LightBlue.mat using Guid(04864a61ec97ee0478ac3e7c5a38b3ab) Importer(815301076,1909f56bfc062723c751e8b465ee728b)  -> (artifact id: '3aaf630efee6e6fad38fdc219d45e559') in 0.016527 seconds 
========================================================================
Received Import Request.
  Time since last request: 0.000241 seconds.
  path: Packages/com.thrashpanda.vr.simulator/Runtime/Assets/Material/Red.mat
  artifactKey: Guid(944983c575fbd3d4e80ecb6042648cc6) Importer(815301076,1909f56bfc062723c751e8b465ee728b)
Start importing Packages/com.thrashpanda.vr.simulator/Runtime/Assets/Material/Red.mat using Guid(944983c575fbd3d4e80ecb6042648cc6) Importer(815301076,1909f56bfc062723c751e8b465ee728b)  -> (artifact id: '314500a74d5b83d82a407d82e516a2f2') in 0.020085 seconds 
========================================================================
Received Import Request.
  Time since last request: 0.000172 seconds.
  path: Packages/com.thrashpanda.vr.simulator/Runtime/Assets/Material/Wood.mat
  artifactKey: Guid(fc740dc0166666543899ed8b17d5d66a) Importer(815301076,1909f56bfc062723c751e8b465ee728b)
Start importing Packages/com.thrashpanda.vr.simulator/Runtime/Assets/Material/Wood.mat using Guid(fc740dc0166666543899ed8b17d5d66a) Importer(815301076,1909f56bfc062723c751e8b465ee728b)  -> (artifact id: 'cdaba820f69a334b7b808de6a09206e7') in 0.016845 seconds 
========================================================================
Received Import Request.
  Time since last request: 0.000214 seconds.
  path: Packages/com.thrashpanda.vr.simulator/Runtime/Assets/Material/UnlitBlue.mat
  artifactKey: Guid(f6b13f4339aebc94f8ed96844cec341a) Importer(815301076,1909f56bfc062723c751e8b465ee728b)
Start importing Packages/com.thrashpanda.vr.simulator/Runtime/Assets/Material/UnlitBlue.mat using Guid(f6b13f4339aebc94f8ed96844cec341a) Importer(815301076,1909f56bfc062723c751e8b465ee728b)  -> (artifact id: 'd6f91ad6b9f1b7268e4f7c39c6739c39') in 0.024776 seconds 
========================================================================
Received Import Request.
  Time since last request: 0.000180 seconds.
  path: Packages/com.thrashpanda.vr.simulator/Runtime/Assets/Material/UnlitGreen.mat
  artifactKey: Guid(8e70e050b556d66408585d06792f6322) Importer(815301076,1909f56bfc062723c751e8b465ee728b)
Start importing Packages/com.thrashpanda.vr.simulator/Runtime/Assets/Material/UnlitGreen.mat using Guid(8e70e050b556d66408585d06792f6322) Importer(815301076,1909f56bfc062723c751e8b465ee728b)  -> (artifact id: 'eacc99020003c107d87f2177e3f6213d') in 0.014758 seconds 
========================================================================
Received Import Request.
  Time since last request: 0.000224 seconds.
  path: Packages/com.thrashpanda.vr.simulator/Runtime/Assets/Material/UnlitRed.mat
  artifactKey: Guid(dc56a939ea9b02141af9ce71c6047011) Importer(815301076,1909f56bfc062723c751e8b465ee728b)
Start importing Packages/com.thrashpanda.vr.simulator/Runtime/Assets/Material/UnlitRed.mat using Guid(dc56a939ea9b02141af9ce71c6047011) Importer(815301076,1909f56bfc062723c751e8b465ee728b)  -> (artifact id: 'd983951434a4eeda661ff965bc401a32') in 0.018358 seconds 
========================================================================
Received Prepare
Registering precompiled user dll's ...
Registered in 0.003789 seconds.
Begin MonoManager ReloadAssembly
Native extension for WindowsStandalone target not found
Native extension for WebGL target not found
Refreshing native plugins compatible for Editor in 0.78 ms, found 2 plugins.
Preloading 0 native plugins for Editor in 0.00 ms.
Mono: successfully reloaded assembly
- Completed reload, in  0.915 seconds
Platform modules already initialized, skipping
Refreshing native plugins compatible for Editor in 0.89 ms, found 2 plugins.
Preloading 0 native plugins for Editor in 0.00 ms.
Unloading 4195 Unused Serialized files (Serialized files now loaded: 0)
System memory in use before: 167.8 MB.
System memory in use after: 168.0 MB.

Unloading 11 unused Assets to reduce memory usage. Loaded Objects now: 4786.
Total: 2.430900 ms (FindLiveObjects: 0.296800 ms CreateObjectMapping: 0.187700 ms MarkObjects: 1.834800 ms  DeleteObjects: 0.110700 ms)

========================================================================
Received Prepare
Registering precompiled user dll's ...
Registered in 0.014210 seconds.
Begin MonoManager ReloadAssembly
Native extension for WindowsStandalone target not found
Native extension for WebGL target not found
Refreshing native plugins compatible for Editor in 0.91 ms, found 2 plugins.
Preloading 0 native plugins for Editor in 0.00 ms.
Mono: successfully reloaded assembly
- Completed reload, in  1.239 seconds
Platform modules already initialized, skipping
Refreshing native plugins compatible for Editor in 1.05 ms, found 2 plugins.
Preloading 0 native plugins for Editor in 0.00 ms.
Unloading 4195 Unused Serialized files (Serialized files now loaded: 0)
System memory in use before: 167.8 MB.
System memory in use after: 168.0 MB.

Unloading 11 unused Assets to reduce memory usage. Loaded Objects now: 4790.
Total: 3.169700 ms (FindLiveObjects: 0.506200 ms CreateObjectMapping: 0.342200 ms MarkObjects: 2.195800 ms  DeleteObjects: 0.124100 ms)

========================================================================
Received Prepare
Registering precompiled user dll's ...
Registered in 0.003857 seconds.
Begin MonoManager ReloadAssembly
Native extension for WindowsStandalone target not found
Native extension for WebGL target not found
Refreshing native plugins compatible for Editor in 1.25 ms, found 2 plugins.
Preloading 0 native plugins for Editor in 0.00 ms.
Mono: successfully reloaded assembly
- Completed reload, in  1.092 seconds
Platform modules already initialized, skipping
Refreshing native plugins compatible for Editor in 0.81 ms, found 2 plugins.
Preloading 0 native plugins for Editor in 0.00 ms.
Unloading 4195 Unused Serialized files (Serialized files now loaded: 0)
System memory in use before: 167.8 MB.
System memory in use after: 168.0 MB.

Unloading 11 unused Assets to reduce memory usage. Loaded Objects now: 4794.
Total: 3.227000 ms (FindLiveObjects: 0.425800 ms CreateObjectMapping: 0.296100 ms MarkObjects: 2.379800 ms  DeleteObjects: 0.124300 ms)

========================================================================
Received Prepare
Registering precompiled user dll's ...
Registered in 0.003694 seconds.
Begin MonoManager ReloadAssembly
Native extension for WindowsStandalone target not found
Native extension for WebGL target not found
Refreshing native plugins compatible for Editor in 0.84 ms, found 2 plugins.
Preloading 0 native plugins for Editor in 0.00 ms.
Mono: successfully reloaded assembly
- Completed reload, in  0.943 seconds
Platform modules already initialized, skipping
Refreshing native plugins compatible for Editor in 0.80 ms, found 2 plugins.
Preloading 0 native plugins for Editor in 0.00 ms.
Unloading 4195 Unused Serialized files (Serialized files now loaded: 0)
System memory in use before: 167.8 MB.
System memory in use after: 168.1 MB.

Unloading 11 unused Assets to reduce memory usage. Loaded Objects now: 4798.
Total: 2.505000 ms (FindLiveObjects: 0.327200 ms CreateObjectMapping: 0.231600 ms MarkObjects: 1.831600 ms  DeleteObjects: 0.113200 ms)

========================================================================
Received Prepare
Registering precompiled user dll's ...
Registered in 0.003384 seconds.
Begin MonoManager ReloadAssembly
Native extension for WindowsStandalone target not found
Native extension for WebGL target not found
Refreshing native plugins compatible for Editor in 0.78 ms, found 2 plugins.
Preloading 0 native plugins for Editor in 0.00 ms.
Mono: successfully reloaded assembly
- Completed reload, in  0.923 seconds
Platform modules already initialized, skipping
Refreshing native plugins compatible for Editor in 0.80 ms, found 2 plugins.
Preloading 0 native plugins for Editor in 0.00 ms.
Unloading 4195 Unused Serialized files (Serialized files now loaded: 0)
System memory in use before: 167.9 MB.
System memory in use after: 168.1 MB.

Unloading 11 unused Assets to reduce memory usage. Loaded Objects now: 4802.
Total: 2.688300 ms (FindLiveObjects: 0.302400 ms CreateObjectMapping: 0.191000 ms MarkObjects: 2.079700 ms  DeleteObjects: 0.114200 ms)

========================================================================
Received Prepare
Registering precompiled user dll's ...
Registered in 0.003795 seconds.
Begin MonoManager ReloadAssembly
Native extension for WindowsStandalone target not found
Native extension for WebGL target not found
Refreshing native plugins compatible for Editor in 0.98 ms, found 2 plugins.
Preloading 0 native plugins for Editor in 0.00 ms.
Mono: successfully reloaded assembly
- Completed reload, in  1.090 seconds
Platform modules already initialized, skipping
Refreshing native plugins compatible for Editor in 1.08 ms, found 2 plugins.
Preloading 0 native plugins for Editor in 0.00 ms.
Unloading 4195 Unused Serialized files (Serialized files now loaded: 0)
System memory in use before: 167.9 MB.
System memory in use after: 168.1 MB.

Unloading 11 unused Assets to reduce memory usage. Loaded Objects now: 4806.
Total: 2.789900 ms (FindLiveObjects: 0.375800 ms CreateObjectMapping: 0.284400 ms MarkObjects: 2.007400 ms  DeleteObjects: 0.121400 ms)

========================================================================
Received Prepare
Registering precompiled user dll's ...
Registered in 0.004853 seconds.
Begin MonoManager ReloadAssembly
Native extension for WindowsStandalone target not found
Native extension for WebGL target not found
Refreshing native plugins compatible for Editor in 0.91 ms, found 2 plugins.
Preloading 0 native plugins for Editor in 0.00 ms.
Mono: successfully reloaded assembly
- Completed reload, in  1.128 seconds
Platform modules already initialized, skipping
Refreshing native plugins compatible for Editor in 0.93 ms, found 2 plugins.
Preloading 0 native plugins for Editor in 0.00 ms.
Unloading 4195 Unused Serialized files (Serialized files now loaded: 0)
System memory in use before: 167.9 MB.
System memory in use after: 168.1 MB.

Unloading 11 unused Assets to reduce memory usage. Loaded Objects now: 4810.
Total: 2.976700 ms (FindLiveObjects: 0.347100 ms CreateObjectMapping: 0.243000 ms MarkObjects: 2.287500 ms  DeleteObjects: 0.097600 ms)

========================================================================
Received Prepare
Registering precompiled user dll's ...
Registered in 0.003383 seconds.
Begin MonoManager ReloadAssembly
Native extension for WindowsStandalone target not found
Native extension for WebGL target not found
Refreshing native plugins compatible for Editor in 0.80 ms, found 2 plugins.
Preloading 0 native plugins for Editor in 0.00 ms.
Mono: successfully reloaded assembly
- Completed reload, in  0.943 seconds
Platform modules already initialized, skipping
Refreshing native plugins compatible for Editor in 0.78 ms, found 2 plugins.
Preloading 0 native plugins for Editor in 0.00 ms.
Unloading 4195 Unused Serialized files (Serialized files now loaded: 0)
System memory in use before: 167.9 MB.
System memory in use after: 168.2 MB.

Unloading 11 unused Assets to reduce memory usage. Loaded Objects now: 4814.
Total: 2.426900 ms (FindLiveObjects: 0.311600 ms CreateObjectMapping: 0.197300 ms MarkObjects: 1.845500 ms  DeleteObjects: 0.071800 ms)

========================================================================
Received Prepare
Registering precompiled user dll's ...
Registered in 0.003395 seconds.
Begin MonoManager ReloadAssembly
Native extension for WindowsStandalone target not found
Native extension for WebGL target not found
Refreshing native plugins compatible for Editor in 0.80 ms, found 2 plugins.
Preloading 0 native plugins for Editor in 0.00 ms.
Mono: successfully reloaded assembly
- Completed reload, in  0.905 seconds
Platform modules already initialized, skipping
Refreshing native plugins compatible for Editor in 0.78 ms, found 2 plugins.
Preloading 0 native plugins for Editor in 0.00 ms.
Unloading 4195 Unused Serialized files (Serialized files now loaded: 0)
System memory in use before: 167.9 MB.
System memory in use after: 168.2 MB.

Unloading 11 unused Assets to reduce memory usage. Loaded Objects now: 4818.
Total: 2.447200 ms (FindLiveObjects: 0.325700 ms CreateObjectMapping: 0.238300 ms MarkObjects: 1.807900 ms  DeleteObjects: 0.074200 ms)

========================================================================
Received Prepare
Registering precompiled user dll's ...
Registered in 0.003395 seconds.
Begin MonoManager ReloadAssembly
Native extension for WindowsStandalone target not found
Native extension for WebGL target not found
Refreshing native plugins compatible for Editor in 0.87 ms, found 2 plugins.
Preloading 0 native plugins for Editor in 0.00 ms.
Mono: successfully reloaded assembly
- Completed reload, in  1.004 seconds
Platform modules already initialized, skipping
Refreshing native plugins compatible for Editor in 0.78 ms, found 2 plugins.
Preloading 0 native plugins for Editor in 0.00 ms.
Unloading 4195 Unused Serialized files (Serialized files now loaded: 0)
System memory in use before: 167.9 MB.
System memory in use after: 168.2 MB.

Unloading 11 unused Assets to reduce memory usage. Loaded Objects now: 4822.
Total: 2.413500 ms (FindLiveObjects: 0.302500 ms CreateObjectMapping: 0.191400 ms MarkObjects: 1.842600 ms  DeleteObjects: 0.076200 ms)

========================================================================
Received Prepare
Registering precompiled user dll's ...
Registered in 0.003375 seconds.
Begin MonoManager ReloadAssembly
Native extension for WindowsStandalone target not found
Native extension for WebGL target not found
Refreshing native plugins compatible for Editor in 0.87 ms, found 2 plugins.
Preloading 0 native plugins for Editor in 0.00 ms.
Mono: successfully reloaded assembly
- Completed reload, in  0.960 seconds
Platform modules already initialized, skipping
Refreshing native plugins compatible for Editor in 0.87 ms, found 2 plugins.
Preloading 0 native plugins for Editor in 0.00 ms.
Unloading 4195 Unused Serialized files (Serialized files now loaded: 0)
System memory in use before: 168.0 MB.
System memory in use after: 168.2 MB.

Unloading 11 unused Assets to reduce memory usage. Loaded Objects now: 4826.
Total: 2.708800 ms (FindLiveObjects: 0.337200 ms CreateObjectMapping: 0.247500 ms MarkObjects: 2.049100 ms  DeleteObjects: 0.074200 ms)

========================================================================
Received Prepare
Registering precompiled user dll's ...
Registered in 0.003876 seconds.
Begin MonoManager ReloadAssembly
Native extension for WindowsStandalone target not found
Native extension for WebGL target not found
Refreshing native plugins compatible for Editor in 1.15 ms, found 2 plugins.
Preloading 0 native plugins for Editor in 0.00 ms.
Mono: successfully reloaded assembly
- Completed reload, in  1.151 seconds
Platform modules already initialized, skipping
Refreshing native plugins compatible for Editor in 0.86 ms, found 2 plugins.
Preloading 0 native plugins for Editor in 0.00 ms.
Unloading 4195 Unused Serialized files (Serialized files now loaded: 0)
System memory in use before: 168.0 MB.
System memory in use after: 168.2 MB.

Unloading 11 unused Assets to reduce memory usage. Loaded Objects now: 4830.
Total: 3.469200 ms (FindLiveObjects: 0.393500 ms CreateObjectMapping: 0.246200 ms MarkObjects: 2.746100 ms  DeleteObjects: 0.081800 ms)

========================================================================
Received Prepare
Registering precompiled user dll's ...
Registered in 0.004002 seconds.
Begin MonoManager ReloadAssembly
Native extension for WindowsStandalone target not found
Native extension for WebGL target not found
Refreshing native plugins compatible for Editor in 0.89 ms, found 2 plugins.
Preloading 0 native plugins for Editor in 0.00 ms.
Mono: successfully reloaded assembly
- Completed reload, in  1.126 seconds
Platform modules already initialized, skipping
Refreshing native plugins compatible for Editor in 0.97 ms, found 2 plugins.
Preloading 0 native plugins for Editor in 0.00 ms.
Unloading 4195 Unused Serialized files (Serialized files now loaded: 0)
System memory in use before: 168.0 MB.
System memory in use after: 168.2 MB.

Unloading 11 unused Assets to reduce memory usage. Loaded Objects now: 4834.
Total: 3.328400 ms (FindLiveObjects: 0.381100 ms CreateObjectMapping: 0.323200 ms MarkObjects: 2.513400 ms  DeleteObjects: 0.109300 ms)

========================================================================
Received Prepare
Registering precompiled user dll's ...
Registered in 0.003421 seconds.
Begin MonoManager ReloadAssembly
Native extension for WindowsStandalone target not found
Native extension for WebGL target not found
Refreshing native plugins compatible for Editor in 0.85 ms, found 2 plugins.
Preloading 0 native plugins for Editor in 0.00 ms.
Mono: successfully reloaded assembly
- Completed reload, in  0.951 seconds
Platform modules already initialized, skipping
Refreshing native plugins compatible for Editor in 0.87 ms, found 2 plugins.
Preloading 0 native plugins for Editor in 0.00 ms.
Unloading 4195 Unused Serialized files (Serialized files now loaded: 0)
System memory in use before: 168.0 MB.
System memory in use after: 168.2 MB.

Unloading 11 unused Assets to reduce memory usage. Loaded Objects now: 4838.
Total: 2.657000 ms (FindLiveObjects: 0.313300 ms CreateObjectMapping: 0.197000 ms MarkObjects: 2.066600 ms  DeleteObjects: 0.079200 ms)

========================================================================
Received Prepare
Registering precompiled user dll's ...
Registered in 0.003363 seconds.
Begin MonoManager ReloadAssembly
Native extension for WindowsStandalone target not found
Native extension for WebGL target not found
Refreshing native plugins compatible for Editor in 0.84 ms, found 2 plugins.
Preloading 0 native plugins for Editor in 0.00 ms.
Mono: successfully reloaded assembly
- Completed reload, in  1.005 seconds
Platform modules already initialized, skipping
Refreshing native plugins compatible for Editor in 0.89 ms, found 2 plugins.
Preloading 0 native plugins for Editor in 0.00 ms.
Unloading 4195 Unused Serialized files (Serialized files now loaded: 0)
System memory in use before: 168.0 MB.
System memory in use after: 168.2 MB.

Unloading 11 unused Assets to reduce memory usage. Loaded Objects now: 4842.
Total: 2.583800 ms (FindLiveObjects: 0.334500 ms CreateObjectMapping: 0.193400 ms MarkObjects: 1.980300 ms  DeleteObjects: 0.074900 ms)

========================================================================
Received Prepare
Registering precompiled user dll's ...
Registered in 0.003579 seconds.
Begin MonoManager ReloadAssembly
Native extension for WindowsStandalone target not found
Native extension for WebGL target not found
Refreshing native plugins compatible for Editor in 0.88 ms, found 2 plugins.
Preloading 0 native plugins for Editor in 0.00 ms.
Mono: successfully reloaded assembly
- Completed reload, in  1.175 seconds
Platform modules already initialized, skipping
Refreshing native plugins compatible for Editor in 1.48 ms, found 2 plugins.
Preloading 0 native plugins for Editor in 0.00 ms.
Unloading 4195 Unused Serialized files (Serialized files now loaded: 0)
System memory in use before: 168.0 MB.
System memory in use after: 168.2 MB.

Unloading 11 unused Assets to reduce memory usage. Loaded Objects now: 4846.
Total: 3.052900 ms (FindLiveObjects: 0.331000 ms CreateObjectMapping: 0.228400 ms MarkObjects: 2.401800 ms  DeleteObjects: 0.090600 ms)

========================================================================
Received Prepare
Registering precompiled user dll's ...
Registered in 0.004359 seconds.
Begin MonoManager ReloadAssembly
Native extension for WindowsStandalone target not found
Native extension for WebGL target not found
Refreshing native plugins compatible for Editor in 0.84 ms, found 2 plugins.
Preloading 0 native plugins for Editor in 0.00 ms.
Mono: successfully reloaded assembly
- Completed reload, in  1.130 seconds
Platform modules already initialized, skipping
Refreshing native plugins compatible for Editor in 0.98 ms, found 2 plugins.
Preloading 0 native plugins for Editor in 0.00 ms.
Unloading 4195 Unused Serialized files (Serialized files now loaded: 0)
System memory in use before: 168.0 MB.
System memory in use after: 168.2 MB.

Unloading 11 unused Assets to reduce memory usage. Loaded Objects now: 4850.
Total: 3.177500 ms (FindLiveObjects: 0.373500 ms CreateObjectMapping: 0.307200 ms MarkObjects: 2.387500 ms  DeleteObjects: 0.107600 ms)

========================================================================
Received Prepare
Registering precompiled user dll's ...
Registered in 0.004522 seconds.
Begin MonoManager ReloadAssembly
Native extension for WindowsStandalone target not found
Native extension for WebGL target not found
Refreshing native plugins compatible for Editor in 0.91 ms, found 2 plugins.
Preloading 0 native plugins for Editor in 0.00 ms.
Mono: successfully reloaded assembly
- Completed reload, in  1.228 seconds
Platform modules already initialized, skipping
Refreshing native plugins compatible for Editor in 1.18 ms, found 2 plugins.
Preloading 0 native plugins for Editor in 0.00 ms.
Unloading 4195 Unused Serialized files (Serialized files now loaded: 0)
System memory in use before: 168.0 MB.
System memory in use after: 168.2 MB.

Unloading 11 unused Assets to reduce memory usage. Loaded Objects now: 4854.
Total: 3.065000 ms (FindLiveObjects: 0.381400 ms CreateObjectMapping: 0.288900 ms MarkObjects: 2.303300 ms  DeleteObjects: 0.089900 ms)

========================================================================
Received Prepare
Registering precompiled user dll's ...
Registered in 0.003822 seconds.
Begin MonoManager ReloadAssembly
Native extension for WindowsStandalone target not found
Native extension for WebGL target not found
Refreshing native plugins compatible for Editor in 0.96 ms, found 2 plugins.
Preloading 0 native plugins for Editor in 0.00 ms.
Mono: successfully reloaded assembly
- Completed reload, in  1.176 seconds
Platform modules already initialized, skipping
Refreshing native plugins compatible for Editor in 0.91 ms, found 2 plugins.
Preloading 0 native plugins for Editor in 0.00 ms.
Unloading 4195 Unused Serialized files (Serialized files now loaded: 0)
System memory in use before: 168.0 MB.
System memory in use after: 168.2 MB.

Unloading 11 unused Assets to reduce memory usage. Loaded Objects now: 4858.
Total: 3.102500 ms (FindLiveObjects: 0.411800 ms CreateObjectMapping: 0.253400 ms MarkObjects: 2.351400 ms  DeleteObjects: 0.084800 ms)

========================================================================
Received Prepare
Registering precompiled user dll's ...
Registered in 0.003421 seconds.
Begin MonoManager ReloadAssembly
Native extension for WindowsStandalone target not found
Native extension for WebGL target not found
Refreshing native plugins compatible for Editor in 0.86 ms, found 2 plugins.
Preloading 0 native plugins for Editor in 0.00 ms.
Mono: successfully reloaded assembly
- Completed reload, in  0.934 seconds
Platform modules already initialized, skipping
Refreshing native plugins compatible for Editor in 0.80 ms, found 2 plugins.
Preloading 0 native plugins for Editor in 0.00 ms.
Unloading 4195 Unused Serialized files (Serialized files now loaded: 0)
System memory in use before: 168.0 MB.
System memory in use after: 168.2 MB.

Unloading 11 unused Assets to reduce memory usage. Loaded Objects now: 4862.
Total: 2.850700 ms (FindLiveObjects: 0.338200 ms CreateObjectMapping: 0.168200 ms MarkObjects: 2.261000 ms  DeleteObjects: 0.082400 ms)

========================================================================
Received Prepare
Registering precompiled user dll's ...
Registered in 0.003740 seconds.
Begin MonoManager ReloadAssembly
Native extension for WindowsStandalone target not found
Native extension for WebGL target not found
Refreshing native plugins compatible for Editor in 0.91 ms, found 2 plugins.
Preloading 0 native plugins for Editor in 0.00 ms.
Mono: successfully reloaded assembly
- Completed reload, in  1.303 seconds
Platform modules already initialized, skipping
Refreshing native plugins compatible for Editor in 0.89 ms, found 2 plugins.
Preloading 0 native plugins for Editor in 0.00 ms.
Unloading 4195 Unused Serialized files (Serialized files now loaded: 0)
System memory in use before: 168.0 MB.
System memory in use after: 168.2 MB.

Unloading 11 unused Assets to reduce memory usage. Loaded Objects now: 4866.
Total: 3.201500 ms (FindLiveObjects: 0.369600 ms CreateObjectMapping: 0.186500 ms MarkObjects: 2.534900 ms  DeleteObjects: 0.109100 ms)

========================================================================
Received Prepare
Registering precompiled user dll's ...
Registered in 0.004085 seconds.
Begin MonoManager ReloadAssembly
Native extension for WindowsStandalone target not found
Native extension for WebGL target not found
Refreshing native plugins compatible for Editor in 0.78 ms, found 2 plugins.
Preloading 0 native plugins for Editor in 0.00 ms.
Mono: successfully reloaded assembly
- Completed reload, in  1.070 seconds
Platform modules already initialized, skipping
Refreshing native plugins compatible for Editor in 0.82 ms, found 2 plugins.
Preloading 0 native plugins for Editor in 0.00 ms.
Unloading 4195 Unused Serialized files (Serialized files now loaded: 0)
System memory in use before: 168.1 MB.
System memory in use after: 168.3 MB.

Unloading 11 unused Assets to reduce memory usage. Loaded Objects now: 4870.
Total: 2.593600 ms (FindLiveObjects: 0.298900 ms CreateObjectMapping: 0.177000 ms MarkObjects: 2.034400 ms  DeleteObjects: 0.082100 ms)

========================================================================
Received Import Request.
  Time since last request: 12867.311742 seconds.
  path: Assets/Scenes/VR Concert.unity
  artifactKey: Guid(800033827925c7e47a93c75a9a0c3681) Importer(815301076,1909f56bfc062723c751e8b465ee728b)
Start importing Assets/Scenes/VR Concert.unity using Guid(800033827925c7e47a93c75a9a0c3681) Importer(815301076,1909f56bfc062723c751e8b465ee728b)  -> (artifact id: '97ca3a5d71f4fd366445e8c52e44489f') in 0.018416 seconds 
========================================================================
Received Prepare
Registering precompiled user dll's ...
Registered in 0.003785 seconds.
Begin MonoManager ReloadAssembly
Native extension for WindowsStandalone target not found
Native extension for WebGL target not found
Refreshing native plugins compatible for Editor in 0.80 ms, found 2 plugins.
Preloading 0 native plugins for Editor in 0.00 ms.
Mono: successfully reloaded assembly
- Completed reload, in  1.014 seconds
Platform modules already initialized, skipping
Refreshing native plugins compatible for Editor in 0.80 ms, found 2 plugins.
Preloading 0 native plugins for Editor in 0.00 ms.
Unloading 4195 Unused Serialized files (Serialized files now loaded: 0)
System memory in use before: 168.1 MB.
System memory in use after: 168.4 MB.

Unloading 11 unused Assets to reduce memory usage. Loaded Objects now: 4874.
Total: 2.716400 ms (FindLiveObjects: 0.319900 ms CreateObjectMapping: 0.176600 ms MarkObjects: 2.139100 ms  DeleteObjects: 0.079500 ms)

========================================================================
Received Prepare
Registering precompiled user dll's ...
Registered in 0.003421 seconds.
Begin MonoManager ReloadAssembly
Native extension for WindowsStandalone target not found
Native extension for WebGL target not found
Refreshing native plugins compatible for Editor in 1.29 ms, found 2 plugins.
Preloading 0 native plugins for Editor in 0.00 ms.
Mono: successfully reloaded assembly
- Completed reload, in  1.117 seconds
Platform modules already initialized, skipping
Refreshing native plugins compatible for Editor in 0.89 ms, found 2 plugins.
Preloading 0 native plugins for Editor in 0.00 ms.
Unloading 4196 Unused Serialized files (Serialized files now loaded: 0)
System memory in use before: 168.2 MB.
System memory in use after: 168.4 MB.

Unloading 11 unused Assets to reduce memory usage. Loaded Objects now: 4879.
Total: 2.820400 ms (FindLiveObjects: 0.493500 ms CreateObjectMapping: 0.245400 ms MarkObjects: 1.997000 ms  DeleteObjects: 0.083400 ms)

========================================================================
Received Prepare
Registering precompiled user dll's ...
Registered in 0.004875 seconds.
Begin MonoManager ReloadAssembly
Native extension for WindowsStandalone target not found
Native extension for WebGL target not found
Refreshing native plugins compatible for Editor in 0.89 ms, found 2 plugins.
Preloading 0 native plugins for Editor in 0.00 ms.
Mono: successfully reloaded assembly
- Completed reload, in  0.991 seconds
Platform modules already initialized, skipping
Refreshing native plugins compatible for Editor in 0.79 ms, found 2 plugins.
Preloading 0 native plugins for Editor in 0.00 ms.
Unloading 4196 Unused Serialized files (Serialized files now loaded: 0)
System memory in use before: 168.2 MB.
System memory in use after: 168.4 MB.

Unloading 11 unused Assets to reduce memory usage. Loaded Objects now: 4883.
Total: 3.107500 ms (FindLiveObjects: 0.321000 ms CreateObjectMapping: 0.166900 ms MarkObjects: 2.534700 ms  DeleteObjects: 0.083800 ms)

========================================================================
Received Prepare
Registering precompiled user dll's ...
Registered in 0.003866 seconds.
Begin MonoManager ReloadAssembly
Native extension for WindowsStandalone target not found
Native extension for WebGL target not found
Refreshing native plugins compatible for Editor in 0.90 ms, found 2 plugins.
Preloading 0 native plugins for Editor in 0.00 ms.
Mono: successfully reloaded assembly
- Completed reload, in  1.100 seconds
Platform modules already initialized, skipping
Refreshing native plugins compatible for Editor in 0.94 ms, found 2 plugins.
Preloading 0 native plugins for Editor in 0.00 ms.
Unloading 4196 Unused Serialized files (Serialized files now loaded: 0)
System memory in use before: 168.2 MB.
System memory in use after: 168.4 MB.

Unloading 11 unused Assets to reduce memory usage. Loaded Objects now: 4887.
Total: 3.149100 ms (FindLiveObjects: 0.344600 ms CreateObjectMapping: 0.257500 ms MarkObjects: 2.450100 ms  DeleteObjects: 0.095900 ms)

========================================================================
Received Import Request.
  Time since last request: 769.424271 seconds.
  path: Packages/com.unity.xr.interaction.toolkit/Runtime/Unity.XR.Interaction.asmdef
  artifactKey: Guid(fe685ec1767f73d42b749ea8045bfe43) Importer(815301076,1909f56bfc062723c751e8b465ee728b)
Start importing Packages/com.unity.xr.interaction.toolkit/Runtime/Unity.XR.Interaction.asmdef using Guid(fe685ec1767f73d42b749ea8045bfe43) Importer(815301076,1909f56bfc062723c751e8b465ee728b)  -> (artifact id: 'bc388b24be4c020598c1a35ff356daba') in 0.013908 seconds 
========================================================================
Received Import Request.
  Time since last request: 0.408760 seconds.
  path: Packages/com.unity.xr.interaction.toolkit/Editor/Unity.XR.Interaction.Editor.asmdef
  artifactKey: Guid(190979c3ed6e41c448f5e9925429edf9) Importer(815301076,1909f56bfc062723c751e8b465ee728b)
Start importing Packages/com.unity.xr.interaction.toolkit/Editor/Unity.XR.Interaction.Editor.asmdef using Guid(190979c3ed6e41c448f5e9925429edf9) Importer(815301076,1909f56bfc062723c751e8b465ee728b)  -> (artifact id: 'b4aa5343d5cc62744bb535e2ae8a0c59') in 0.008606 seconds 
========================================================================
Received Import Request.
  Time since last request: 6.202151 seconds.
  path: Packages/com.unity.xr.interaction.toolkit/Runtime/Interaction/Controllers/XRController.cs
  artifactKey: Guid(1ae26e19cd956134bbdf3c6f65bf393a) Importer(815301076,1909f56bfc062723c751e8b465ee728b)
Start importing Packages/com.unity.xr.interaction.toolkit/Runtime/Interaction/Controllers/XRController.cs using Guid(1ae26e19cd956134bbdf3c6f65bf393a) Importer(815301076,1909f56bfc062723c751e8b465ee728b)  -> (artifact id: '006c3d76f3facf7588a73d1b22d6afed') in 0.021177 seconds 
========================================================================
Received Import Request.
  Time since last request: 1.392437 seconds.
  path: Packages/com.unity.xr.interaction.toolkit/Runtime/Interaction/Controllers/XRControllerRecorder.cs
  artifactKey: Guid(3c136b463d91eb74c90d06fca5e650b1) Importer(815301076,1909f56bfc062723c751e8b465ee728b)
Start importing Packages/com.unity.xr.interaction.toolkit/Runtime/Interaction/Controllers/XRControllerRecorder.cs using Guid(3c136b463d91eb74c90d06fca5e650b1) Importer(815301076,1909f56bfc062723c751e8b465ee728b)  -> (artifact id: '8537783c6a26a4196fb8cd3fb655d419') in 0.009654 seconds 
========================================================================
Received Import Request.
  Time since last request: 1.498933 seconds.
  path: Packages/com.unity.xr.interaction.toolkit/Runtime/Interaction/Controllers/XRControllerRecording.cs
  artifactKey: Guid(bf56d527db2153944867848202cf24d2) Importer(815301076,1909f56bfc062723c751e8b465ee728b)
Start importing Packages/com.unity.xr.interaction.toolkit/Runtime/Interaction/Controllers/XRControllerRecording.cs using Guid(bf56d527db2153944867848202cf24d2) Importer(815301076,1909f56bfc062723c751e8b465ee728b)  -> (artifact id: 'e28ab15b9a2819410fee0dd5e3da60fc') in 0.009701 seconds 
========================================================================
Received Import Request.
  Time since last request: 38.092814 seconds.
  path: Packages/com.unity.xr.interaction.toolkit/Editor/Interaction/Controllers/XRControllerRecordingEditor.cs
  artifactKey: Guid(61a7c3c5107007f43bd913e055e667ff) Importer(815301076,1909f56bfc062723c751e8b465ee728b)
Start importing Packages/com.unity.xr.interaction.toolkit/Editor/Interaction/Controllers/XRControllerRecordingEditor.cs using Guid(61a7c3c5107007f43bd913e055e667ff) Importer(815301076,1909f56bfc062723c751e8b465ee728b)  -> (artifact id: '3f6129ba52f88b2da2396fcfd64570a9') in 0.008924 seconds 
========================================================================
Received Import Request.
  Time since last request: 0.777158 seconds.
  path: Packages/com.unity.xr.interaction.toolkit/Editor/Interaction/Controllers/XRControllerEditor.cs
  artifactKey: Guid(a322cbdd34ac4d04db232e5882e796cb) Importer(815301076,1909f56bfc062723c751e8b465ee728b)
Start importing Packages/com.unity.xr.interaction.toolkit/Editor/Interaction/Controllers/XRControllerEditor.cs using Guid(a322cbdd34ac4d04db232e5882e796cb) Importer(815301076,1909f56bfc062723c751e8b465ee728b)  -> (artifact id: 'f95a3d57795c66779bb921e3665371c7') in 0.009350 seconds 
========================================================================
Received Import Request.
  Time since last request: 0.463656 seconds.
  path: Packages/com.unity.xr.interaction.toolkit/Editor/Interaction/Controllers/XRControllerRecorderEditor.cs
  artifactKey: Guid(3cd122eb2ea484645888571490f3731c) Importer(815301076,1909f56bfc062723c751e8b465ee728b)
Start importing Packages/com.unity.xr.interaction.toolkit/Editor/Interaction/Controllers/XRControllerRecorderEditor.cs using Guid(3cd122eb2ea484645888571490f3731c) Importer(815301076,1909f56bfc062723c751e8b465ee728b)  -> (artifact id: '1c81350ba722ecb020e94070cc4a68ad') in 0.010327 seconds 
========================================================================
Received Import Request.
  Time since last request: 3.734911 seconds.
  path: Packages/com.unity.xr.interaction.toolkit/Runtime
  artifactKey: Guid(be48be1b1a8d842c5b1a7f0dc9a13977) Importer(815301076,1909f56bfc062723c751e8b465ee728b)
Start importing Packages/com.unity.xr.interaction.toolkit/Runtime using Guid(be48be1b1a8d842c5b1a7f0dc9a13977) Importer(815301076,1909f56bfc062723c751e8b465ee728b)  -> (artifact id: 'efc1ca563a88cfda43d2a8b524f0bd56') in 0.009864 seconds 
========================================================================
Received Import Request.
  Time since last request: 2.651864 seconds.
  path: Packages/com.unity.xr.interaction.toolkit/Runtime/XR
  artifactKey: Guid(43f6b5ae7ec1a4641b1d61cbbab95a39) Importer(815301076,1909f56bfc062723c751e8b465ee728b)
Start importing Packages/com.unity.xr.interaction.toolkit/Runtime/XR using Guid(43f6b5ae7ec1a4641b1d61cbbab95a39) Importer(815301076,1909f56bfc062723c751e8b465ee728b)  -> (artifact id: '7375ccd7ba88669acf7e63102ca447c3') in 0.009041 seconds 
========================================================================
Received Import Request.
  Time since last request: 3.368703 seconds.
  path: Packages/com.unity.xr.interaction.toolkit/Runtime/Interaction
  artifactKey: Guid(ff93217409f724b0c91b333e00abee27) Importer(815301076,1909f56bfc062723c751e8b465ee728b)
Start importing Packages/com.unity.xr.interaction.toolkit/Runtime/Interaction using Guid(ff93217409f724b0c91b333e00abee27) Importer(815301076,1909f56bfc062723c751e8b465ee728b)  -> (artifact id: '63ea7a6052f5a3f337c6d1cbe42f4fbb') in 0.008590 seconds 
========================================================================
Received Import Request.
  Time since last request: 0.661536 seconds.
  path: Packages/com.unity.xr.interaction.toolkit/Runtime/Interaction/Interactables
  artifactKey: Guid(a987a99cd15347747ac5a77f974d9bb7) Importer(815301076,1909f56bfc062723c751e8b465ee728b)
Start importing Packages/com.unity.xr.interaction.toolkit/Runtime/Interaction/Interactables using Guid(a987a99cd15347747ac5a77f974d9bb7) Importer(815301076,1909f56bfc062723c751e8b465ee728b)  -> (artifact id: 'aa8a013f5a7f88961d7c9f05359364f3') in 0.009140 seconds 
========================================================================
Received Import Request.
  Time since last request: 1.169744 seconds.
  path: Packages/com.unity.xr.interaction.toolkit/Runtime/Interaction/Interactables/Helpers
  artifactKey: Guid(f0f046ea7e8ced440b82e2872b70a632) Importer(815301076,1909f56bfc062723c751e8b465ee728b)
Start importing Packages/com.unity.xr.interaction.toolkit/Runtime/Interaction/Interactables/Helpers using Guid(f0f046ea7e8ced440b82e2872b70a632) Importer(815301076,1909f56bfc062723c751e8b465ee728b)  -> (artifact id: '5e5c9047f60f4a865ae4cb671bdb280b') in 0.008730 seconds 
========================================================================
Received Prepare
Registering precompiled user dll's ...
Registered in 0.003891 seconds.
Begin MonoManager ReloadAssembly
Native extension for WindowsStandalone target not found
Native extension for WebGL target not found
Refreshing native plugins compatible for Editor in 0.97 ms, found 2 plugins.
Preloading 0 native plugins for Editor in 0.00 ms.
Mono: successfully reloaded assembly
- Completed reload, in  1.105 seconds
Platform modules already initialized, skipping
Refreshing native plugins compatible for Editor in 1.24 ms, found 2 plugins.
Preloading 0 native plugins for Editor in 0.00 ms.
Unloading 4196 Unused Serialized files (Serialized files now loaded: 0)
System memory in use before: 168.2 MB.
System memory in use after: 168.4 MB.

Unloading 11 unused Assets to reduce memory usage. Loaded Objects now: 4891.
Total: 3.528600 ms (FindLiveObjects: 0.364600 ms CreateObjectMapping: 0.239900 ms MarkObjects: 2.845200 ms  DeleteObjects: 0.078000 ms)

========================================================================
Received Import Request.
  Time since last request: 272.837183 seconds.
  path: Assets/Scenes/VRTest.unity
  artifactKey: Guid(01ee9636e08530b498b16447b42fe493) Importer(815301076,1909f56bfc062723c751e8b465ee728b)
Start importing Assets/Scenes/VRTest.unity using Guid(01ee9636e08530b498b16447b42fe493) Importer(815301076,1909f56bfc062723c751e8b465ee728b)  -> (artifact id: 'fca9e6ea6034ab9f44a42b4afda61667') in 0.017635 seconds 
========================================================================
Received Prepare
Registering precompiled user dll's ...
Registered in 0.003423 seconds.
Begin MonoManager ReloadAssembly
Native extension for WindowsStandalone target not found
Native extension for WebGL target not found
Refreshing native plugins compatible for Editor in 0.85 ms, found 2 plugins.
Preloading 0 native plugins for Editor in 0.00 ms.
Mono: successfully reloaded assembly
- Completed reload, in  0.939 seconds
Platform modules already initialized, skipping
Refreshing native plugins compatible for Editor in 0.85 ms, found 2 plugins.
Preloading 0 native plugins for Editor in 0.00 ms.
Unloading 4196 Unused Serialized files (Serialized files now loaded: 0)
System memory in use before: 168.2 MB.
System memory in use after: 168.4 MB.

Unloading 11 unused Assets to reduce memory usage. Loaded Objects now: 4895.
Total: 2.498000 ms (FindLiveObjects: 0.312700 ms CreateObjectMapping: 0.194600 ms MarkObjects: 1.912400 ms  DeleteObjects: 0.077200 ms)

========================================================================
Received Import Request.
  Time since last request: 13.534552 seconds.
  path: Assets/Scenes/MenuUI.prefab
  artifactKey: Guid(e61439d39cd95824d80eb95e53dca50b) Importer(815301076,1909f56bfc062723c751e8b465ee728b)
Start importing Assets/Scenes/MenuUI.prefab using Guid(e61439d39cd95824d80eb95e53dca50b) Importer(815301076,1909f56bfc062723c751e8b465ee728b)  -> (artifact id: '360ba60f88960b1f937a9044d2e86ebd') in 0.051722 seconds 
========================================================================
Received Prepare
Registering precompiled user dll's ...
Registered in 0.004027 seconds.
Begin MonoManager ReloadAssembly
Native extension for WindowsStandalone target not found
Native extension for WebGL target not found
Refreshing native plugins compatible for Editor in 0.89 ms, found 2 plugins.
Preloading 0 native plugins for Editor in 0.00 ms.
Mono: successfully reloaded assembly
- Completed reload, in  1.136 seconds
Platform modules already initialized, skipping
Refreshing native plugins compatible for Editor in 0.92 ms, found 2 plugins.
Preloading 0 native plugins for Editor in 0.00 ms.
Unloading 4196 Unused Serialized files (Serialized files now loaded: 0)
System memory in use before: 168.3 MB.
System memory in use after: 168.5 MB.

Unloading 12 unused Assets to reduce memory usage. Loaded Objects now: 4901.
Total: 3.193400 ms (FindLiveObjects: 0.469500 ms CreateObjectMapping: 0.276100 ms MarkObjects: 2.358900 ms  DeleteObjects: 0.087500 ms)

========================================================================
Received Prepare
Registering precompiled user dll's ...
Registered in 0.003378 seconds.
Begin MonoManager ReloadAssembly
Native extension for WindowsStandalone target not found
Native extension for WebGL target not found
Refreshing native plugins compatible for Editor in 0.79 ms, found 2 plugins.
Preloading 0 native plugins for Editor in 0.00 ms.
Mono: successfully reloaded assembly
- Completed reload, in  0.935 seconds
Platform modules already initialized, skipping
Refreshing native plugins compatible for Editor in 0.98 ms, found 2 plugins.
Preloading 0 native plugins for Editor in 0.00 ms.
Unloading 4196 Unused Serialized files (Serialized files now loaded: 0)
System memory in use before: 168.3 MB.
System memory in use after: 168.5 MB.

Unloading 11 unused Assets to reduce memory usage. Loaded Objects now: 4905.
Total: 2.443100 ms (FindLiveObjects: 0.309600 ms CreateObjectMapping: 0.189100 ms MarkObjects: 1.868300 ms  DeleteObjects: 0.074800 ms)

========================================================================
Received Prepare
Registering precompiled user dll's ...
Registered in 0.003357 seconds.
Begin MonoManager ReloadAssembly
Native extension for WindowsStandalone target not found
Native extension for WebGL target not found
Refreshing native plugins compatible for Editor in 0.80 ms, found 2 plugins.
Preloading 0 native plugins for Editor in 0.00 ms.
Mono: successfully reloaded assembly
- Completed reload, in  1.058 seconds
Platform modules already initialized, skipping
Refreshing native plugins compatible for Editor in 0.81 ms, found 2 plugins.
Preloading 0 native plugins for Editor in 0.00 ms.
Unloading 4196 Unused Serialized files (Serialized files now loaded: 0)
System memory in use before: 168.3 MB.
System memory in use after: 168.5 MB.

Unloading 11 unused Assets to reduce memory usage. Loaded Objects now: 4909.
Total: 2.756400 ms (FindLiveObjects: 0.317300 ms CreateObjectMapping: 0.201700 ms MarkObjects: 2.158600 ms  DeleteObjects: 0.077900 ms)

========================================================================
Received Prepare
Registering precompiled user dll's ...
Registered in 0.003423 seconds.
Begin MonoManager ReloadAssembly
Native extension for WindowsStandalone target not found
Native extension for WebGL target not found
Refreshing native plugins compatible for Editor in 0.84 ms, found 2 plugins.
Preloading 0 native plugins for Editor in 0.00 ms.
Mono: successfully reloaded assembly
- Completed reload, in  0.926 seconds
Platform modules already initialized, skipping
Refreshing native plugins compatible for Editor in 0.78 ms, found 2 plugins.
Preloading 0 native plugins for Editor in 0.00 ms.
Unloading 4196 Unused Serialized files (Serialized files now loaded: 0)
System memory in use before: 168.3 MB.
System memory in use after: 168.5 MB.

Unloading 11 unused Assets to reduce memory usage. Loaded Objects now: 4913.
Total: 2.713900 ms (FindLiveObjects: 0.309600 ms CreateObjectMapping: 0.185200 ms MarkObjects: 2.139700 ms  DeleteObjects: 0.078800 ms)

========================================================================
Received Prepare
Registering precompiled user dll's ...
Registered in 0.003427 seconds.
Begin MonoManager ReloadAssembly
Native extension for WindowsStandalone target not found
Native extension for WebGL target not found
Refreshing native plugins compatible for Editor in 0.80 ms, found 2 plugins.
Preloading 0 native plugins for Editor in 0.00 ms.
Mono: successfully reloaded assembly
- Completed reload, in  0.929 seconds
Platform modules already initialized, skipping
Refreshing native plugins compatible for Editor in 0.80 ms, found 2 plugins.
Preloading 0 native plugins for Editor in 0.00 ms.
Unloading 4196 Unused Serialized files (Serialized files now loaded: 0)
System memory in use before: 168.3 MB.
System memory in use after: 168.6 MB.

Unloading 11 unused Assets to reduce memory usage. Loaded Objects now: 4917.
Total: 2.762800 ms (FindLiveObjects: 0.330900 ms CreateObjectMapping: 0.175700 ms MarkObjects: 2.173900 ms  DeleteObjects: 0.081500 ms)

========================================================================
Received Import Request.
  Time since last request: 751.796013 seconds.
  path: Assets/Scenes/VR Concert.unity
  artifactKey: Guid(800033827925c7e47a93c75a9a0c3681) Importer(815301076,1909f56bfc062723c751e8b465ee728b)
Start importing Assets/Scenes/VR Concert.unity using Guid(800033827925c7e47a93c75a9a0c3681) Importer(815301076,1909f56bfc062723c751e8b465ee728b)  -> (artifact id: 'f10709486a9b642e3866b1183664608f') in 0.019082 seconds 
========================================================================
Received Prepare
Registering precompiled user dll's ...
Registered in 0.003433 seconds.
Begin MonoManager ReloadAssembly
Native extension for WindowsStandalone target not found
Native extension for WebGL target not found
Refreshing native plugins compatible for Editor in 0.80 ms, found 2 plugins.
Preloading 0 native plugins for Editor in 0.00 ms.
Mono: successfully reloaded assembly
- Completed reload, in  0.956 seconds
Platform modules already initialized, skipping
Refreshing native plugins compatible for Editor in 0.89 ms, found 2 plugins.
Preloading 0 native plugins for Editor in 0.00 ms.
Unloading 4197 Unused Serialized files (Serialized files now loaded: 0)
System memory in use before: 168.4 MB.
System memory in use after: 168.6 MB.

Unloading 11 unused Assets to reduce memory usage. Loaded Objects now: 4922.
Total: 5.505300 ms (FindLiveObjects: 1.288900 ms CreateObjectMapping: 0.571400 ms MarkObjects: 3.550200 ms  DeleteObjects: 0.092500 ms)

========================================================================
Received Import Request.
  Time since last request: 236.706969 seconds.
  path: Assets/Scripts/PauseMenu.cs
  artifactKey: Guid(fa2d9f6d13a541945826249daea4553f) Importer(815301076,1909f56bfc062723c751e8b465ee728b)
Start importing Assets/Scripts/PauseMenu.cs using Guid(fa2d9f6d13a541945826249daea4553f) Importer(815301076,1909f56bfc062723c751e8b465ee728b)  -> (artifact id: '5332e177b804c208c15029c55aae36fa') in 0.010789 seconds 
========================================================================
Received Prepare
Registering precompiled user dll's ...
Registered in 0.003411 seconds.
Begin MonoManager ReloadAssembly
Native extension for WindowsStandalone target not found
Native extension for WebGL target not found
Refreshing native plugins compatible for Editor in 0.89 ms, found 2 plugins.
Preloading 0 native plugins for Editor in 0.00 ms.
Mono: successfully reloaded assembly
- Completed reload, in  1.001 seconds
Platform modules already initialized, skipping
Refreshing native plugins compatible for Editor in 0.81 ms, found 2 plugins.
Preloading 0 native plugins for Editor in 0.00 ms.
Unloading 4197 Unused Serialized files (Serialized files now loaded: 0)
System memory in use before: 168.4 MB.
System memory in use after: 168.6 MB.

Unloading 11 unused Assets to reduce memory usage. Loaded Objects now: 4926.
Total: 2.698500 ms (FindLiveObjects: 0.403500 ms CreateObjectMapping: 0.227600 ms MarkObjects: 1.987000 ms  DeleteObjects: 0.079900 ms)

========================================================================
Received Prepare
Registering precompiled user dll's ...
Registered in 0.003651 seconds.
Begin MonoManager ReloadAssembly
Native extension for WindowsStandalone target not found
Native extension for WebGL target not found
Refreshing native plugins compatible for Editor in 0.78 ms, found 2 plugins.
Preloading 0 native plugins for Editor in 0.00 ms.
Mono: successfully reloaded assembly
- Completed reload, in  0.928 seconds
Platform modules already initialized, skipping
Refreshing native plugins compatible for Editor in 0.83 ms, found 2 plugins.
Preloading 0 native plugins for Editor in 0.00 ms.
Unloading 4197 Unused Serialized files (Serialized files now loaded: 0)
System memory in use before: 168.4 MB.
System memory in use after: 168.6 MB.

Unloading 11 unused Assets to reduce memory usage. Loaded Objects now: 4930.
Total: 2.488300 ms (FindLiveObjects: 0.334900 ms CreateObjectMapping: 0.211500 ms MarkObjects: 1.866000 ms  DeleteObjects: 0.074900 ms)

========================================================================
Received Prepare
Registering precompiled user dll's ...
Registered in 0.003406 seconds.
Begin MonoManager ReloadAssembly
Native extension for WindowsStandalone target not found
Native extension for WebGL target not found
Refreshing native plugins compatible for Editor in 0.80 ms, found 2 plugins.
Preloading 0 native plugins for Editor in 0.00 ms.
Mono: successfully reloaded assembly
- Completed reload, in  0.923 seconds
Platform modules already initialized, skipping
Refreshing native plugins compatible for Editor in 0.89 ms, found 2 plugins.
Preloading 0 native plugins for Editor in 0.00 ms.
Unloading 4197 Unused Serialized files (Serialized files now loaded: 0)
System memory in use before: 168.4 MB.
System memory in use after: 168.6 MB.

Unloading 11 unused Assets to reduce memory usage. Loaded Objects now: 4934.
Total: 2.708700 ms (FindLiveObjects: 0.334800 ms CreateObjectMapping: 0.170200 ms MarkObjects: 2.125200 ms  DeleteObjects: 0.077100 ms)

========================================================================
Received Prepare
Registering precompiled user dll's ...
Registered in 0.003404 seconds.
Begin MonoManager ReloadAssembly
Native extension for WindowsStandalone target not found
Native extension for WebGL target not found
Refreshing native plugins compatible for Editor in 0.79 ms, found 2 plugins.
Preloading 0 native plugins for Editor in 0.00 ms.
Mono: successfully reloaded assembly
- Completed reload, in  0.940 seconds
Platform modules already initialized, skipping
Refreshing native plugins compatible for Editor in 0.81 ms, found 2 plugins.
Preloading 0 native plugins for Editor in 0.00 ms.
Unloading 4197 Unused Serialized files (Serialized files now loaded: 0)
System memory in use before: 168.4 MB.
System memory in use after: 168.6 MB.

Unloading 11 unused Assets to reduce memory usage. Loaded Objects now: 4938.
Total: 2.574300 ms (FindLiveObjects: 0.316400 ms CreateObjectMapping: 0.193800 ms MarkObjects: 1.986800 ms  DeleteObjects: 0.076300 ms)

========================================================================
Received Import Request.
  Time since last request: 4570.650016 seconds.
  path: Assets/Scenes/VR Concert.unity
  artifactKey: Guid(800033827925c7e47a93c75a9a0c3681) Importer(815301076,1909f56bfc062723c751e8b465ee728b)
Start importing Assets/Scenes/VR Concert.unity using Guid(800033827925c7e47a93c75a9a0c3681) Importer(815301076,1909f56bfc062723c751e8b465ee728b)  -> (artifact id: '685f4b152137cb7d7e8ccf0db5a8b24c') in 0.022469 seconds 
========================================================================
Received Prepare
Registering precompiled user dll's ...
Registered in 0.003433 seconds.
Begin MonoManager ReloadAssembly
Native extension for WindowsStandalone target not found
Native extension for WebGL target not found
Refreshing native plugins compatible for Editor in 0.86 ms, found 2 plugins.
Preloading 0 native plugins for Editor in 0.00 ms.
Mono: successfully reloaded assembly
- Completed reload, in  1.027 seconds
Platform modules already initialized, skipping
Refreshing native plugins compatible for Editor in 0.78 ms, found 2 plugins.
Preloading 0 native plugins for Editor in 0.00 ms.
Unloading 4197 Unused Serialized files (Serialized files now loaded: 0)
System memory in use before: 168.4 MB.
System memory in use after: 168.6 MB.

Unloading 11 unused Assets to reduce memory usage. Loaded Objects now: 4942.
Total: 2.714500 ms (FindLiveObjects: 0.340300 ms CreateObjectMapping: 0.200500 ms MarkObjects: 2.095600 ms  DeleteObjects: 0.077500 ms)

========================================================================
Received Prepare
Registering precompiled user dll's ...
Registered in 0.003444 seconds.
Begin MonoManager ReloadAssembly
Native extension for WindowsStandalone target not found
Native extension for WebGL target not found
Refreshing native plugins compatible for Editor in 0.79 ms, found 2 plugins.
Preloading 0 native plugins for Editor in 0.00 ms.
Mono: successfully reloaded assembly
- Completed reload, in  0.946 seconds
Platform modules already initialized, skipping
Refreshing native plugins compatible for Editor in 0.79 ms, found 2 plugins.
Preloading 0 native plugins for Editor in 0.00 ms.
Unloading 4197 Unused Serialized files (Serialized files now loaded: 0)
System memory in use before: 168.4 MB.
System memory in use after: 168.7 MB.

Unloading 11 unused Assets to reduce memory usage. Loaded Objects now: 4946.
Total: 2.714100 ms (FindLiveObjects: 0.325400 ms CreateObjectMapping: 0.193800 ms MarkObjects: 2.119000 ms  DeleteObjects: 0.075100 ms)

========================================================================
Received Prepare
Registering precompiled user dll's ...
Registered in 0.003396 seconds.
Begin MonoManager ReloadAssembly
Native extension for WindowsStandalone target not found
Native extension for WebGL target not found
Refreshing native plugins compatible for Editor in 0.87 ms, found 2 plugins.
Preloading 0 native plugins for Editor in 0.00 ms.
Mono: successfully reloaded assembly
- Completed reload, in  1.167 seconds
Platform modules already initialized, skipping
Refreshing native plugins compatible for Editor in 0.93 ms, found 2 plugins.
Preloading 0 native plugins for Editor in 0.00 ms.
Unloading 4197 Unused Serialized files (Serialized files now loaded: 0)
System memory in use before: 168.4 MB.
System memory in use after: 168.7 MB.

Unloading 11 unused Assets to reduce memory usage. Loaded Objects now: 4950.
Total: 3.841200 ms (FindLiveObjects: 0.476500 ms CreateObjectMapping: 0.273500 ms MarkObjects: 2.979000 ms  DeleteObjects: 0.110700 ms)

========================================================================
Received Prepare
Registering precompiled user dll's ...
Registered in 0.003868 seconds.
Begin MonoManager ReloadAssembly
Native extension for WindowsStandalone target not found
Native extension for WebGL target not found
Refreshing native plugins compatible for Editor in 0.84 ms, found 2 plugins.
Preloading 0 native plugins for Editor in 0.00 ms.
Mono: successfully reloaded assembly
- Completed reload, in  1.111 seconds
Platform modules already initialized, skipping
Refreshing native plugins compatible for Editor in 0.78 ms, found 2 plugins.
Preloading 0 native plugins for Editor in 0.00 ms.
Unloading 4197 Unused Serialized files (Serialized files now loaded: 0)
System memory in use before: 168.4 MB.
System memory in use after: 168.7 MB.

Unloading 11 unused Assets to reduce memory usage. Loaded Objects now: 4954.
Total: 2.759100 ms (FindLiveObjects: 0.345200 ms CreateObjectMapping: 0.217200 ms MarkObjects: 2.092000 ms  DeleteObjects: 0.103300 ms)

AssetImportWorkerClient::OnTransportError - code=2 error=End of file
